{"ts": "2026-01-12 13:45:24", "level": "info", "message": "收到立即扫描请求"}
{"ts": "2026-01-12 13:45:24", "level": "info", "message": "手动触发扫描上传"}
{"ts": "2026-01-12 13:45:24", "level": "info", "message": "扫描根目录: /Users/tiepige/Downloads/pdd_vd/video"}
{"ts": "2026-01-12 13:45:24", "level": "info", "message": "[QJD] 发现文件 5 个"}
{"ts": "2026-01-12 13:45:24", "level": "info", "message": "[QJD] 今日文件已处理完毕，跳过"}
{"ts": "2026-01-12 14:18:04", "level": "info", "message": "[QJD] 开始上传 111.mp4"}
{"ts": "2026-01-12 14:18:04", "level": "error", "message": "缺少 client_id/client_secret/access_token，当前 client_id=True client_secret=True access_token=False"}
{"ts": "2026-01-12 14:18:04", "level": "error", "message": "[QJD] 上传失败 111.mp4: 缺少 client_id/client_secret/access_token"}
{"ts": "2026-01-12 14:18:12", "level": "info", "message": "已清空上传记录"}
{"ts": "2026-01-12 14:18:22", "level": "info", "message": "配置已保存"}
{"ts": "2026-01-12 14:18:34", "level": "info", "message": "[QJD] 开始上传 111.mp4"}
{"ts": "2026-01-12 14:18:34", "level": "error", "message": "缺少 client_id/client_secret/access_token，当前 client_id=True client_secret=True access_token=False"}
{"ts": "2026-01-12 14:18:34", "level": "error", "message": "[QJD] 上传失败 111.mp4: 缺少 client_id/client_secret/access_token"}
{"ts": "2026-01-12 14:18:44", "level": "info", "message": "配置已保存"}
{"ts": "2026-01-12 14:23:34", "level": "info", "message": "[QJD] 开始上传 111.mp4"}
{"ts": "2026-01-12 14:23:34", "level": "error", "message": "缺少 client_id/client_secret/access_token，当前 client_id=True client_secret=True access_token=False"}
{"ts": "2026-01-12 14:23:34", "level": "error", "message": "[QJD] 上传失败 111.mp4: 缺少 client_id/client_secret/access_token"}
{"ts": "2026-01-12 14:28:34", "level": "info", "message": "[QJD] 开始上传 111.mp4"}
{"ts": "2026-01-12 14:28:34", "level": "error", "message": "缺少 client_id/client_secret/access_token，当前 client_id=True client_secret=True access_token=False"}
{"ts": "2026-01-12 14:28:34", "level": "error", "message": "[QJD] 上传失败 111.mp4: 缺少 client_id/client_secret/access_token"}
{"ts": "2026-01-12 14:33:12", "level": "info", "message": "已清空上传记录"}
{"ts": "2026-01-12 14:33:35", "level": "info", "message": "收到立即扫描请求"}
{"ts": "2026-01-12 14:33:35", "level": "info", "message": "手动触发扫描上传"}
{"ts": "2026-01-12 14:33:35", "level": "error", "message": "未授权或 access_token 缺失，已暂停上传，请先完成授权。"}
{"ts": "2026-01-12 14:34:51", "level": "info", "message": "配置已保存"}
{"ts": "2026-01-12 14:35:17", "level": "info", "message": "手动 code 换取 token 成功"}
{"ts": "2026-01-12 14:35:25", "level": "info", "message": "收到立即扫描请求"}
{"ts": "2026-01-12 14:35:25", "level": "info", "message": "手动触发扫描上传"}
{"ts": "2026-01-12 14:35:25", "level": "error", "message": "未授权或 access_token 缺失，已暂停上传，请先完成授权。"}
{"ts": "2026-01-12 14:37:37", "level": "error", "message": "未授权或 access_token 缺失，已暂停上传，请先完成授权。"}
{"ts": "2026-01-12 14:39:37", "level": "error", "message": "未授权或 access_token 缺失，已暂停上传，请先完成授权。"}
{"ts": "2026-01-12 14:41:25", "level": "info", "message": "已清空上传记录"}
{"ts": "2026-01-12 14:41:42", "level": "info", "message": "配置已保存"}
{"ts": "2026-01-12 14:41:48", "level": "error", "message": "未授权或 access_token 缺失，已暂停上传，请先完成授权。"}
{"ts": "2026-01-12 14:41:56", "level": "info", "message": "手动 code 换取 token 成功"}
{"ts": "2026-01-12 14:42:18", "level": "info", "message": "[QJD] 开始上传 111.mp4"}
{"ts": "2026-01-12 14:42:18", "level": "info", "message": "准备上传文件: 111.mp4, size=85400901 bytes, mime=video/mp4"}
{"ts": "2026-01-12 14:42:18", "level": "info", "message": "init 返回 upload_sign=17682001385c***"}
{"ts": "2026-01-12 14:42:18", "level": "info", "message": "开始分片上传，共 5 片"}
{"ts": "2026-01-12 14:42:18", "level": "info", "message": "上传分片 1/5 size=20971520"}
{"ts": "2026-01-12 14:42:27", "level": "error", "message": "[QJD] 上传失败 111.mp4: 50002:系统内部异常"}
{"ts": "2026-01-12 14:47:27", "level": "info", "message": "[QJD] 开始上传 111.mp4"}
{"ts": "2026-01-12 14:47:27", "level": "info", "message": "准备上传文件: 111.mp4, size=85400901 bytes, mime=video/mp4"}
{"ts": "2026-01-12 14:47:27", "level": "info", "message": "init 返回 upload_sign=176820044723***"}
{"ts": "2026-01-12 14:47:27", "level": "info", "message": "开始分片上传，共 5 片"}
{"ts": "2026-01-12 14:47:27", "level": "info", "message": "上传分片 1/5 size=20971520"}
{"ts": "2026-01-12 14:47:37", "level": "error", "message": "[QJD] 上传失败 111.mp4: 50002:系统内部异常"}
{"ts": "2026-01-12 14:51:07", "level": "info", "message": "配置已保存"}
{"ts": "2026-01-12 14:51:18", "level": "info", "message": "手动 code 换取 token 成功"}
{"ts": "2026-01-12 14:51:23", "level": "info", "message": "收到立即扫描请求"}
{"ts": "2026-01-12 14:51:23", "level": "info", "message": "手动触发扫描上传"}
{"ts": "2026-01-12 14:51:23", "level": "info", "message": "扫描根目录: /Users/tiepige/Downloads/pdd_vd/video"}
{"ts": "2026-01-12 14:51:23", "level": "info", "message": "[QJD] 发现文件 5 个"}
{"ts": "2026-01-12 14:51:23", "level": "info", "message": "[QJD] 今日完成 0 个，失败 2 个，进行中 0 个"}
{"ts": "2026-01-12 14:51:23", "level": "info", "message": "[QJD] 间隔未到（300s），跳过"}
{"ts": "2026-01-12 14:51:35", "level": "info", "message": "已清空上传记录"}
{"ts": "2026-01-12 14:51:42", "level": "info", "message": "收到立即扫描请求"}
{"ts": "2026-01-12 14:51:42", "level": "info", "message": "手动触发扫描上传"}
{"ts": "2026-01-12 14:51:42", "level": "info", "message": "扫描根目录: /Users/tiepige/Downloads/pdd_vd/video"}
{"ts": "2026-01-12 14:51:42", "level": "info", "message": "[QJD] 发现文件 5 个"}
{"ts": "2026-01-12 14:51:42", "level": "info", "message": "[QJD] 今日完成 0 个，失败 0 个，进行中 0 个"}
{"ts": "2026-01-12 14:51:42", "level": "info", "message": "[QJD] 开始上传 111.mp4"}
{"ts": "2026-01-12 14:51:42", "level": "info", "message": "准备上传文件: 111.mp4, size=85400901 bytes, mime=video/mp4"}
{"ts": "2026-01-12 14:51:43", "level": "info", "message": "init 返回 upload_sign=1768200703d1***"}
{"ts": "2026-01-12 14:51:43", "level": "info", "message": "开始分片上传，共 5 片"}
{"ts": "2026-01-12 14:51:43", "level": "info", "message": "上传分片 1/5 size=20971520"}
{"ts": "2026-01-12 14:51:52", "level": "info", "message": "[QJD] 开始上传 222.mp4"}
{"ts": "2026-01-12 14:51:52", "level": "info", "message": "准备上传文件: 222.mp4, size=59478116 bytes, mime=video/mp4"}
{"ts": "2026-01-12 14:51:52", "level": "info", "message": "init 返回 upload_sign=1768200712b2***"}
{"ts": "2026-01-12 14:51:52", "level": "info", "message": "开始分片上传，共 3 片"}
{"ts": "2026-01-12 14:51:52", "level": "info", "message": "上传分片 1/3 size=20971520"}
{"ts": "2026-01-12 14:51:52", "level": "error", "message": "接口错误 50002:系统内部异常 request_id=17682007129081796，2s 后重试 (1/2)"}
{"ts": "2026-01-12 14:52:05", "level": "error", "message": "接口错误 50002:系统内部异常 request_id=17682007252429353，2s 后重试 (1/2)"}
{"ts": "2026-01-12 14:52:16", "level": "error", "message": "接口错误 50002:系统内部异常 request_id=17682007367871248，4s 后重试 (2/2)"}
{"ts": "2026-01-12 14:52:18", "level": "error", "message": "接口错误 50002:系统内部异常 request_id=17682007382266295，4s 后重试 (2/2)"}
{"ts": "2026-01-12 14:52:35", "level": "error", "message": "[QJD] 上传失败 222.mp4: 50002:系统内部异常 request_id=17682007552663860"}
{"ts": "2026-01-12 14:52:37", "level": "error", "message": "[QJD] 上传失败 111.mp4: 50002:系统内部异常 request_id=17682007573807574"}
{"ts": "2026-01-12 14:58:05", "level": "info", "message": "[QJD] 开始上传 111.mp4"}
{"ts": "2026-01-12 14:58:05", "level": "info", "message": "准备上传文件: 111.mp4, size=85400901 bytes, mime=video/mp4"}
{"ts": "2026-01-12 14:58:05", "level": "info", "message": "init 返回 upload_sign=1768201085e5***"}
{"ts": "2026-01-12 14:58:05", "level": "info", "message": "开始分片上传，共 5 片"}
{"ts": "2026-01-12 14:58:05", "level": "info", "message": "上传分片 1/5 size=20971520"}
{"ts": "2026-01-12 14:58:15", "level": "error", "message": "接口错误 50002:系统内部异常 request_id=17682010957953111，2s 后重试 (1/2)"}
{"ts": "2026-01-12 14:58:27", "level": "error", "message": "接口错误 50002:系统内部异常 request_id=17682011076210881，4s 后重试 (2/2)"}
{"ts": "2026-01-12 14:58:42", "level": "error", "message": "[QJD] 上传失败 111.mp4: 50002:系统内部异常 request_id=17682011221173082"}
{"ts": "2026-01-12 15:03:42", "level": "info", "message": "[QJD] 开始上传 111.mp4"}
{"ts": "2026-01-12 15:03:42", "level": "info", "message": "准备上传文件: 111.mp4, size=85400901 bytes, mime=video/mp4"}
{"ts": "2026-01-12 15:03:42", "level": "info", "message": "init 返回 upload_sign=17682014229a***"}
{"ts": "2026-01-12 15:03:42", "level": "info", "message": "开始分片上传，共 5 片"}
{"ts": "2026-01-12 15:03:42", "level": "info", "message": "上传分片 1/5 size=20971520"}
{"ts": "2026-01-12 15:03:51", "level": "error", "message": "接口错误 50002:系统内部异常 request_id=17682014313057133，2s 后重试 (1/2)"}
{"ts": "2026-01-12 15:04:03", "level": "error", "message": "接口错误 50002:系统内部异常 request_id=17682014433333074，4s 后重试 (2/2)"}
{"ts": "2026-01-12 15:04:17", "level": "error", "message": "[QJD] 上传失败 111.mp4: 50002:系统内部异常 request_id=17682014578259543"}
{"ts": "2026-01-12 15:07:09", "level": "info", "message": "配置已保存"}
{"ts": "2026-01-12 15:07:20", "level": "info", "message": "手动 code 换取 token 成功"}
{"ts": "2026-01-12 15:07:38", "level": "info", "message": "已清空上传记录"}
{"ts": "2026-01-12 15:07:46", "level": "info", "message": "收到立即扫描请求"}
{"ts": "2026-01-12 15:07:46", "level": "info", "message": "手动触发扫描上传"}
{"ts": "2026-01-12 15:07:46", "level": "info", "message": "扫描根目录: /Users/tiepige/Downloads/pdd_vd/video"}
{"ts": "2026-01-12 15:07:46", "level": "info", "message": "[QJD] 发现文件 5 个"}
{"ts": "2026-01-12 15:07:46", "level": "info", "message": "[QJD] 今日完成 0 个，失败 0 个，进行中 0 个"}
{"ts": "2026-01-12 15:07:46", "level": "info", "message": "[QJD] 开始上传 111.mp4"}
{"ts": "2026-01-12 15:07:46", "level": "info", "message": "准备上传文件: 111.mp4, size=85400901 bytes, mime=video/mp4"}
{"ts": "2026-01-12 15:07:46", "level": "info", "message": "init 返回 upload_sign=1768201666d0***"}
{"ts": "2026-01-12 15:07:46", "level": "info", "message": "开始分片上传，共 5 片"}
{"ts": "2026-01-12 15:07:46", "level": "info", "message": "上传分片 1/5 size=20971520"}
{"ts": "2026-01-12 15:07:55", "level": "error", "message": "接口错误 50002:系统内部异常 request_id=17682016752943778，2s 后重试 (1/2)"}
{"ts": "2026-01-12 15:08:07", "level": "error", "message": "接口错误 50002:系统内部异常 request_id=17682016876035902，4s 后重试 (2/2)"}
{"ts": "2026-01-12 15:08:21", "level": "error", "message": "[QJD] 上传失败 111.mp4: 50002:系统内部异常 request_id=17682017017690535"}
{"ts": "2026-01-12 15:13:31", "level": "info", "message": "[QJD] 开始上传 111.mp4"}
{"ts": "2026-01-12 15:13:31", "level": "info", "message": "准备上传文件: 111.mp4, size=85400901 bytes, mime=video/mp4"}
{"ts": "2026-01-12 15:13:31", "level": "info", "message": "init 返回 upload_sign=176820201191***"}
{"ts": "2026-01-12 15:13:31", "level": "info", "message": "开始分片上传，共 5 片"}
{"ts": "2026-01-12 15:13:31", "level": "info", "message": "上传分片 1/5 size=20971520"}
{"ts": "2026-01-12 15:13:40", "level": "error", "message": "接口错误 50002:系统内部异常 request_id=17682020200315369，2s 后重试 (1/2)"}
{"ts": "2026-01-12 15:13:51", "level": "error", "message": "接口错误 50002:系统内部异常 request_id=17682020313136681，4s 后重试 (2/2)"}
{"ts": "2026-01-12 15:14:03", "level": "error", "message": "[QJD] 上传失败 111.mp4: 50002:系统内部异常 request_id=17682020439049943"}
{"ts": "2026-01-12 15:19:04", "level": "info", "message": "[QJD] 开始上传 111.mp4"}
{"ts": "2026-01-12 15:19:04", "level": "info", "message": "准备上传文件: 111.mp4, size=85400901 bytes, mime=video/mp4"}
{"ts": "2026-01-12 15:19:04", "level": "info", "message": "init 返回 upload_sign=176820234493***"}
{"ts": "2026-01-12 15:19:04", "level": "info", "message": "开始分片上传，共 5 片"}
{"ts": "2026-01-12 15:19:04", "level": "info", "message": "上传分片 1/5 size=20971520"}
{"ts": "2026-01-12 15:19:14", "level": "error", "message": "接口错误 50002:系统内部异常 request_id=17682023540822403，2s 后重试 (1/2)"}
{"ts": "2026-01-12 15:19:25", "level": "error", "message": "接口错误 50002:系统内部异常 request_id=17682023652444750，4s 后重试 (2/2)"}
{"ts": "2026-01-12 15:19:37", "level": "error", "message": "[QJD] 上传失败 111.mp4: 50002:系统内部异常 request_id=17682023771342439"}
{"ts": "2026-01-12 15:24:37", "level": "info", "message": "[QJD] 开始上传 111.mp4"}
{"ts": "2026-01-12 15:24:37", "level": "info", "message": "准备上传文件: 111.mp4, size=85400901 bytes, mime=video/mp4"}
{"ts": "2026-01-12 15:24:37", "level": "info", "message": "init 返回 upload_sign=1768202677ff***"}
{"ts": "2026-01-12 15:24:37", "level": "info", "message": "开始分片上传，共 5 片"}
{"ts": "2026-01-12 15:24:37", "level": "info", "message": "上传分片 1/5 size=20971520"}
{"ts": "2026-01-12 15:24:49", "level": "error", "message": "接口错误 50002:系统内部异常 request_id=17682026889204523，2s 后重试 (1/2)"}
{"ts": "2026-01-12 15:25:01", "level": "error", "message": "接口错误 50002:系统内部异常 request_id=17682027012491177，4s 后重试 (2/2)"}
{"ts": "2026-01-12 15:25:20", "level": "error", "message": "[QJD] 上传失败 111.mp4: 50002:系统内部异常 request_id=17682027204192890"}
{"ts": "2026-01-12 15:26:00", "level": "info", "message": "已清空上传记录"}
{"ts": "2026-01-12 15:26:07", "level": "info", "message": "配置已保存"}
{"ts": "2026-01-12 15:26:16", "level": "info", "message": "手动 code 换取 token 成功"}
{"ts": "2026-01-12 15:26:21", "level": "info", "message": "[QJD] 开始上传 111.mp4"}
{"ts": "2026-01-12 15:26:21", "level": "info", "message": "准备上传文件: 111.mp4, size=85400901 bytes, mime=video/mp4"}
{"ts": "2026-01-12 15:26:21", "level": "info", "message": "init 返回 upload_sign=1768202781ed***"}
{"ts": "2026-01-12 15:26:21", "level": "info", "message": "开始分片上传，共 5 片"}
{"ts": "2026-01-12 15:26:21", "level": "info", "message": "上传分片 1/5 size=19922944"}
{"ts": "2026-01-12 15:26:23", "level": "info", "message": "收到立即扫描请求"}
{"ts": "2026-01-12 15:26:23", "level": "info", "message": "手动触发扫描上传"}
{"ts": "2026-01-12 15:26:23", "level": "info", "message": "扫描根目录: /Users/tiepige/Downloads/pdd_vd/video"}
{"ts": "2026-01-12 15:26:23", "level": "info", "message": "[QJD] 发现文件 5 个"}
{"ts": "2026-01-12 15:26:23", "level": "info", "message": "[QJD] 今日完成 0 个，失败 0 个，进行中 1 个"}
{"ts": "2026-01-12 15:26:23", "level": "info", "message": "[QJD] 已有进行中的上传任务，等待完成后再继续"}
{"ts": "2026-01-12 15:26:31", "level": "info", "message": "上传分片 2/5 size=19922944"}
{"ts": "2026-01-12 15:26:41", "level": "info", "message": "上传分片 3/5 size=19922944"}
{"ts": "2026-01-12 15:26:51", "level": "info", "message": "上传分片 4/5 size=19922944"}
{"ts": "2026-01-12 15:27:00", "level": "info", "message": "上传分片 5/5 size=5709125"}
{"ts": "2026-01-12 15:27:03", "level": "info", "message": "complete 返回 vid=openplat-video-sign#daxjiasz5msz3cnes159jjd802me70b5"}
{"ts": "2026-01-12 15:27:03", "level": "info", "message": "开始生成封面"}
{"ts": "2026-01-12 15:27:03", "level": "info", "message": "封面已生成 111_20f371f0.jpg"}
{"ts": "2026-01-12 15:27:03", "level": "info", "message": "开始上传封面 111_20f371f0.jpg, size=155217 bytes, mime=image/jpeg"}
{"ts": "2026-01-12 15:27:04", "level": "info", "message": "封面上传完成 url=https://video-snapshot.pddpic.com/openplat-img/2026-01-12/43b89d65-a46e-42fa-b050-480396ae56a6.jpeg"}
{"ts": "2026-01-12 15:27:04", "level": "info", "message": "开始发布 vid=openplat-video-sign#daxjiasz5msz3cnes159jjd802me70b5 goods_id=861017472489 desc=染博士安全染发"}
{"ts": "2026-01-12 15:27:04", "level": "error", "message": "[QJD] 上传失败 111.mp4: 10001:公共参数错误:type request_id=17682028244189059"}
{"ts": "2026-01-12 15:32:04", "level": "info", "message": "[QJD] 开始上传 111.mp4"}
{"ts": "2026-01-12 15:32:04", "level": "info", "message": "准备上传文件: 111.mp4, size=85400901 bytes, mime=video/mp4"}
{"ts": "2026-01-12 15:32:04", "level": "info", "message": "init 返回 upload_sign=17682031241e***"}
{"ts": "2026-01-12 15:32:04", "level": "info", "message": "开始分片上传，共 5 片"}
{"ts": "2026-01-12 15:32:04", "level": "info", "message": "上传分片 1/5 size=19922944"}
{"ts": "2026-01-12 15:32:15", "level": "info", "message": "上传分片 2/5 size=19922944"}
{"ts": "2026-01-12 15:32:25", "level": "info", "message": "上传分片 3/5 size=19922944"}
{"ts": "2026-01-12 15:32:35", "level": "info", "message": "上传分片 4/5 size=19922944"}
{"ts": "2026-01-12 15:43:36", "level": "info", "message": "已清空上传记录"}
{"ts": "2026-01-12 15:43:45", "level": "info", "message": "收到立即扫描请求"}
{"ts": "2026-01-12 15:43:45", "level": "info", "message": "手动触发扫描上传"}
{"ts": "2026-01-12 15:43:45", "level": "info", "message": "扫描根目录: /Users/tiepige/Downloads/pdd_vd/video"}
{"ts": "2026-01-12 15:43:45", "level": "info", "message": "[QJD] 发现文件 5 个"}
{"ts": "2026-01-12 15:43:45", "level": "info", "message": "[QJD] 今日完成 0 个，失败 0 个，进行中 0 个"}
{"ts": "2026-01-12 15:43:45", "level": "info", "message": "[QJD] 开始上传 111.mp4"}
{"ts": "2026-01-12 15:43:45", "level": "info", "message": "准备上传文件: 111.mp4, size=85400901 bytes, mime=video/mp4"}
{"ts": "2026-01-12 15:43:46", "level": "info", "message": "init 返回 upload_sign=17682038263f***"}
{"ts": "2026-01-12 15:43:46", "level": "info", "message": "开始分片上传，共 5 片"}
{"ts": "2026-01-12 15:43:46", "level": "info", "message": "上传分片 1/5 size=19922944"}
{"ts": "2026-01-12 15:43:55", "level": "info", "message": "上传分片 2/5 size=19922944"}
{"ts": "2026-01-12 15:44:04", "level": "info", "message": "上传分片 3/5 size=19922944"}
{"ts": "2026-01-12 15:44:14", "level": "info", "message": "上传分片 4/5 size=19922944"}
{"ts": "2026-01-12 15:44:24", "level": "info", "message": "上传分片 5/5 size=5709125"}
{"ts": "2026-01-12 15:44:27", "level": "info", "message": "complete 返回 vid=openplat-video-sign#fo8ayqeqt6vawgtf0hhrjjd8e1id113u"}
{"ts": "2026-01-12 15:44:27", "level": "info", "message": "开始生成封面"}
{"ts": "2026-01-12 15:44:27", "level": "info", "message": "封面已生成 111_8867b09a.jpg"}
{"ts": "2026-01-12 15:44:27", "level": "info", "message": "开始上传封面 111_8867b09a.jpg, size=155217 bytes, mime=image/jpeg"}
{"ts": "2026-01-12 15:44:28", "level": "info", "message": "封面上传完成 url=https://video-snapshot.pddpic.com/openplat-img/2026-01-12/f0558131-adde-48d6-bc3a-95c8e9326c87.jpeg"}
{"ts": "2026-01-12 15:44:28", "level": "info", "message": "开始发布 vid=openplat-video-sign#fo8ayqeqt6vawgtf0hhrjjd8e1id113u goods_id=861017472489 desc=染博士安全染发"}
{"ts": "2026-01-12 15:44:28", "level": "info", "message": "发布参数 request={\"cover\": \"https://video-snapshot.pddpic.com/openplat-img/2026-01-12/f0558131-adde-48d6-bc3a-95c8e9326c87.jpeg\", \"goods_id\": 861017472489, \"vid\": \"openplat-video-sign#fo8ayqeqt6vawgtf0hhrjjd8e1id113u\", \"desc\": \"染博士安全染发\"}"}
{"ts": "2026-01-12 15:44:28", "level": "error", "message": "[QJD] 上传失败 111.mp4: 1000000:None"}
{"ts": "2026-01-12 15:49:29", "level": "info", "message": "[QJD] 开始上传 111.mp4"}
{"ts": "2026-01-12 15:49:29", "level": "info", "message": "准备上传文件: 111.mp4, size=85400901 bytes, mime=video/mp4"}
{"ts": "2026-01-12 15:49:30", "level": "info", "message": "init 返回 upload_sign=17682041692d***"}
{"ts": "2026-01-12 15:49:30", "level": "info", "message": "开始分片上传，共 5 片"}
{"ts": "2026-01-12 15:49:30", "level": "info", "message": "上传分片 1/5 size=19922944"}
{"ts": "2026-01-12 15:49:39", "level": "info", "message": "上传分片 2/5 size=19922944"}
{"ts": "2026-01-12 15:49:50", "level": "info", "message": "上传分片 3/5 size=19922944"}
{"ts": "2026-01-12 15:49:59", "level": "info", "message": "上传分片 4/5 size=19922944"}
{"ts": "2026-01-12 15:50:09", "level": "info", "message": "上传分片 5/5 size=5709125"}
{"ts": "2026-01-12 15:50:13", "level": "info", "message": "complete 返回 vid=openplat-video-sign#zf6isoag2ggjvmvff0wxjjd8inxe4dps"}
{"ts": "2026-01-12 15:50:13", "level": "info", "message": "开始生成封面"}
{"ts": "2026-01-12 15:50:13", "level": "info", "message": "封面已生成 111_bec64b76.jpg"}
{"ts": "2026-01-12 15:50:13", "level": "info", "message": "开始上传封面 111_bec64b76.jpg, size=155217 bytes, mime=image/jpeg"}
{"ts": "2026-01-12 15:50:13", "level": "info", "message": "封面上传完成 url=https://video-snapshot.pddpic.com/openplat-img/2026-01-12/411b84f7-f139-4816-b4bc-1fd5e80e3773.jpeg"}
{"ts": "2026-01-12 15:50:13", "level": "info", "message": "开始发布 vid=openplat-video-sign#zf6isoag2ggjvmvff0wxjjd8inxe4dps goods_id=861017472489 desc=染博士安全染发"}
{"ts": "2026-01-12 15:50:13", "level": "info", "message": "发布参数 request={\"cover\": \"https://video-snapshot.pddpic.com/openplat-img/2026-01-12/411b84f7-f139-4816-b4bc-1fd5e80e3773.jpeg\", \"goods_id\": 861017472489, \"vid\": \"openplat-video-sign#zf6isoag2ggjvmvff0wxjjd8inxe4dps\", \"desc\": \"染博士安全染发\"}"}
{"ts": "2026-01-12 15:50:14", "level": "error", "message": "[QJD] 上传失败 111.mp4: 1000000:None"}
{"ts": "2026-01-12 16:00:37", "level": "info", "message": "已清空上传记录"}
{"ts": "2026-01-12 16:00:42", "level": "info", "message": "收到立即扫描请求"}
{"ts": "2026-01-12 16:00:42", "level": "info", "message": "手动触发扫描上传"}
{"ts": "2026-01-12 16:00:42", "level": "info", "message": "扫描根目录: /Users/tiepige/Downloads/pdd_vd/video"}
{"ts": "2026-01-12 16:00:42", "level": "info", "message": "[QJD] 发现文件 5 个"}
{"ts": "2026-01-12 16:00:42", "level": "info", "message": "[QJD] 今日完成 0 个，失败 0 个，进行中 0 个"}
{"ts": "2026-01-12 16:00:42", "level": "info", "message": "[QJD] 开始上传 111.mp4"}
{"ts": "2026-01-12 16:00:42", "level": "info", "message": "准备上传文件: 111.mp4, size=85400901 bytes, mime=video/mp4"}
{"ts": "2026-01-12 16:00:43", "level": "info", "message": "init 返回 upload_sign=176820484370***"}
{"ts": "2026-01-12 16:00:43", "level": "info", "message": "开始分片上传，共 5 片"}
{"ts": "2026-01-12 16:00:43", "level": "info", "message": "上传分片 1/5 size=19922944"}
{"ts": "2026-01-12 16:00:54", "level": "info", "message": "上传分片 2/5 size=19922944"}
{"ts": "2026-01-12 16:01:06", "level": "info", "message": "上传分片 3/5 size=19922944"}
{"ts": "2026-01-12 16:01:18", "level": "info", "message": "上传分片 4/5 size=19922944"}
{"ts": "2026-01-12 16:01:29", "level": "info", "message": "上传分片 5/5 size=5709125"}
{"ts": "2026-01-12 16:01:33", "level": "info", "message": "complete 返回 vid=openplat-video-sign#bhgil4jr1rxwvmk3skmtjjd8rrklj0xz"}
{"ts": "2026-01-12 16:01:33", "level": "info", "message": "开始生成封面"}
{"ts": "2026-01-12 16:01:33", "level": "info", "message": "封面已生成 111_b479ea05.jpg"}
{"ts": "2026-01-12 16:01:33", "level": "info", "message": "开始上传封面 111_b479ea05.jpg, size=155217 bytes, mime=image/jpeg"}
{"ts": "2026-01-12 16:01:33", "level": "info", "message": "封面上传完成 url=https://video-snapshot.pddpic.com/openplat-img/2026-01-12/d8a77d81-7502-45c9-af61-59f49778df41.jpeg"}
{"ts": "2026-01-12 16:01:33", "level": "info", "message": "开始发布 vid=openplat-video-sign#bhgil4jr1rxwvmk3skmtjjd8rrklj0xz goods_id=861017472489 desc=染博士安全染发"}
{"ts": "2026-01-12 16:01:33", "level": "info", "message": "发布参数 request={\"cover\":\"https://video-snapshot.pddpic.com/openplat-img/2026-01-12/d8a77d81-7502-45c9-af61-59f49778df41.jpeg\",\"goods_id\":861017472489,\"vid\":\"openplat-video-sign#bhgil4jr1rxwvmk3skmtjjd8rrklj0xz\",\"desc\":\"染博士安全染发\"}"}
{"ts": "2026-01-12 16:01:34", "level": "error", "message": "发布响应异常: {\"result\": {\"video_id\": \"6826251193368393020\"}, \"success\": true, \"error_code\": 1000000, \"request_id\": \"17682048939573144\"}"}
{"ts": "2026-01-12 16:01:34", "level": "error", "message": "[QJD] 上传失败 111.mp4: 1000000:unknown"}
{"ts": "2026-01-12 16:04:02", "level": "info", "message": "已清空上传记录"}
{"ts": "2026-01-12 16:04:11", "level": "info", "message": "收到立即扫描请求"}
{"ts": "2026-01-12 16:04:11", "level": "info", "message": "手动触发扫描上传"}
{"ts": "2026-01-12 16:04:11", "level": "info", "message": "扫描根目录: /Users/tiepige/Downloads/pdd_vd/video"}
{"ts": "2026-01-12 16:04:11", "level": "info", "message": "[QJD] 发现文件 5 个"}
{"ts": "2026-01-12 16:04:11", "level": "info", "message": "[QJD] 今日完成 0 个，失败 0 个，进行中 0 个"}
{"ts": "2026-01-12 16:04:11", "level": "info", "message": "[QJD] 开始上传 111.mp4"}
{"ts": "2026-01-12 16:04:11", "level": "info", "message": "准备上传文件: 111.mp4, size=85400901 bytes, mime=video/mp4"}
{"ts": "2026-01-12 16:04:11", "level": "info", "message": "init 返回 upload_sign=1768205051d7***"}
{"ts": "2026-01-12 16:04:11", "level": "info", "message": "开始分片上传，共 5 片"}
{"ts": "2026-01-12 16:04:11", "level": "info", "message": "上传分片 1/5 size=19922944"}
{"ts": "2026-01-12 16:04:21", "level": "info", "message": "上传分片 2/5 size=19922944"}
{"ts": "2026-01-12 16:04:31", "level": "info", "message": "上传分片 3/5 size=19922944"}
{"ts": "2026-01-12 16:04:44", "level": "info", "message": "上传分片 4/5 size=19922944"}
{"ts": "2026-01-12 16:04:57", "level": "info", "message": "上传分片 5/5 size=5709125"}
{"ts": "2026-01-12 16:05:01", "level": "info", "message": "complete 返回 vid=openplat-video-sign#uxf2gqcx7vwvtllviiarjjd8uju2b0ms"}
{"ts": "2026-01-12 16:05:01", "level": "info", "message": "开始生成封面"}
{"ts": "2026-01-12 16:05:01", "level": "info", "message": "封面已生成 111_07e0b0d7.jpg"}
{"ts": "2026-01-12 16:05:01", "level": "info", "message": "开始上传封面 111_07e0b0d7.jpg, size=155217 bytes, mime=image/jpeg"}
{"ts": "2026-01-12 16:05:02", "level": "info", "message": "封面上传完成 url=https://video-snapshot.pddpic.com/openplat-img/2026-01-12/4f9a01a5-4371-451a-9ff1-8f35f3534846.jpeg"}
{"ts": "2026-01-12 16:05:02", "level": "info", "message": "开始发布 vid=openplat-video-sign#uxf2gqcx7vwvtllviiarjjd8uju2b0ms goods_id=861017472489 desc=染博士安全染发"}
{"ts": "2026-01-12 16:05:02", "level": "info", "message": "发布参数 request={\"cover\":\"https://video-snapshot.pddpic.com/openplat-img/2026-01-12/4f9a01a5-4371-451a-9ff1-8f35f3534846.jpeg\",\"goods_id\":861017472489,\"vid\":\"openplat-video-sign#uxf2gqcx7vwvtllviiarjjd8uju2b0ms\",\"desc\":\"染博士安全染发\"}"}
{"ts": "2026-01-12 16:05:02", "level": "info", "message": "发布完成 video_id=6826252940304298689"}
{"ts": "2026-01-12 16:05:02", "level": "info", "message": "[QJD] 上传发布完成 111.mp4 vid=openplat-video-sign#uxf2gqcx7vwvtllviiarjjd8uju2b0ms video_id=6826252940304298689"}
{"ts": "2026-01-12 16:10:19", "level": "info", "message": "[QJD] 开始上传 222.mp4"}
{"ts": "2026-01-12 16:10:19", "level": "info", "message": "准备上传文件: 222.mp4, size=59478116 bytes, mime=video/mp4"}
{"ts": "2026-01-12 16:10:20", "level": "info", "message": "init 返回 upload_sign=176820542074***"}
{"ts": "2026-01-12 16:10:20", "level": "info", "message": "开始分片上传，共 3 片"}
{"ts": "2026-01-12 16:10:20", "level": "info", "message": "上传分片 1/3 size=19922944"}
{"ts": "2026-01-12 16:10:33", "level": "info", "message": "上传分片 2/3 size=19922944"}
{"ts": "2026-01-12 16:10:44", "level": "info", "message": "上传分片 3/3 size=19632228"}
{"ts": "2026-01-12 16:10:53", "level": "info", "message": "complete 返回 vid=openplat-video-sign#aalexg3vrf3ikmjxpvykjjd8z9dqtifb"}
{"ts": "2026-01-12 16:10:53", "level": "info", "message": "开始生成封面"}
{"ts": "2026-01-12 16:10:53", "level": "info", "message": "封面已生成 222_3ec76033.jpg"}
{"ts": "2026-01-12 16:10:53", "level": "info", "message": "开始上传封面 222_3ec76033.jpg, size=197284 bytes, mime=image/jpeg"}
{"ts": "2026-01-12 16:10:54", "level": "info", "message": "封面上传完成 url=https://video-snapshot.pddpic.com/openplat-img/2026-01-12/56614590-d7e4-4f1a-b719-1bbda2deed1a.jpeg"}
{"ts": "2026-01-12 16:10:54", "level": "info", "message": "开始发布 vid=openplat-video-sign#aalexg3vrf3ikmjxpvykjjd8z9dqtifb goods_id=861017472489 desc=染博士安全染发"}
{"ts": "2026-01-12 16:10:54", "level": "info", "message": "发布参数 request={\"cover\":\"https://video-snapshot.pddpic.com/openplat-img/2026-01-12/56614590-d7e4-4f1a-b719-1bbda2deed1a.jpeg\",\"goods_id\":861017472489,\"vid\":\"openplat-video-sign#aalexg3vrf3ikmjxpvykjjd8z9dqtifb\",\"desc\":\"染博士安全染发\"}"}
{"ts": "2026-01-12 16:10:54", "level": "info", "message": "发布完成 video_id=6826255892683214651"}
{"ts": "2026-01-12 16:10:54", "level": "info", "message": "[QJD] 上传发布完成 222.mp4 vid=openplat-video-sign#aalexg3vrf3ikmjxpvykjjd8z9dqtifb video_id=6826255892683214651"}
{"ts": "2026-01-12 16:15:54", "level": "info", "message": "[QJD] 开始上传 333.mp4"}
{"ts": "2026-01-12 16:15:54", "level": "info", "message": "准备上传文件: 333.mp4, size=84533946 bytes, mime=video/mp4"}
{"ts": "2026-01-12 16:15:54", "level": "info", "message": "init 返回 upload_sign=176820575488***"}
{"ts": "2026-01-12 16:15:54", "level": "info", "message": "开始分片上传，共 5 片"}
{"ts": "2026-01-12 16:15:54", "level": "info", "message": "上传分片 1/5 size=19922944"}
{"ts": "2026-01-12 16:16:03", "level": "info", "message": "上传分片 2/5 size=19922944"}
{"ts": "2026-01-12 16:16:13", "level": "info", "message": "上传分片 3/5 size=19922944"}
{"ts": "2026-01-12 16:16:21", "level": "info", "message": "上传分片 4/5 size=19922944"}
{"ts": "2026-01-12 16:16:34", "level": "info", "message": "上传分片 5/5 size=4842170"}
{"ts": "2026-01-12 16:16:39", "level": "info", "message": "complete 返回 vid=openplat-video-sign#djhrycdebwef4uerccwujjd93w28s0up"}
{"ts": "2026-01-12 16:16:39", "level": "info", "message": "开始生成封面"}
{"ts": "2026-01-12 16:16:39", "level": "info", "message": "封面已生成 333_b953f55a.jpg"}
{"ts": "2026-01-12 16:16:39", "level": "info", "message": "开始上传封面 333_b953f55a.jpg, size=186441 bytes, mime=image/jpeg"}
{"ts": "2026-01-12 16:16:40", "level": "info", "message": "封面上传完成 url=https://video-snapshot.pddpic.com/openplat-img/2026-01-12/fe068ab9-7ce6-4e08-8a02-22fcf9b79964.jpeg"}
{"ts": "2026-01-12 16:16:40", "level": "info", "message": "开始发布 vid=openplat-video-sign#djhrycdebwef4uerccwujjd93w28s0up goods_id=861017472489 desc=染博士安全染发"}
{"ts": "2026-01-12 16:16:40", "level": "info", "message": "发布参数 request={\"cover\":\"https://video-snapshot.pddpic.com/openplat-img/2026-01-12/fe068ab9-7ce6-4e08-8a02-22fcf9b79964.jpeg\",\"goods_id\":861017472489,\"vid\":\"openplat-video-sign#djhrycdebwef4uerccwujjd93w28s0up\",\"desc\":\"染博士安全染发\"}"}
{"ts": "2026-01-12 16:16:40", "level": "info", "message": "发布完成 video_id=6826258799965090138"}
{"ts": "2026-01-12 16:16:40", "level": "info", "message": "[QJD] 上传发布完成 333.mp4 vid=openplat-video-sign#djhrycdebwef4uerccwujjd93w28s0up video_id=6826258799965090138"}
{"ts": "2026-01-12 16:21:41", "level": "info", "message": "[QJD] 开始上传 旧1 (6).mp4"}
{"ts": "2026-01-12 16:21:41", "level": "info", "message": "准备上传文件: 旧1 (6).mp4, size=61891483 bytes, mime=video/mp4"}
{"ts": "2026-01-12 16:21:41", "level": "info", "message": "init 返回 upload_sign=17682061017a***"}
{"ts": "2026-01-12 16:21:41", "level": "info", "message": "开始分片上传，共 4 片"}
{"ts": "2026-01-12 16:21:41", "level": "info", "message": "上传分片 1/4 size=19922944"}
{"ts": "2026-01-12 16:21:51", "level": "info", "message": "上传分片 2/4 size=19922944"}
{"ts": "2026-01-12 16:22:03", "level": "info", "message": "上传分片 3/4 size=19922944"}
{"ts": "2026-01-12 16:22:13", "level": "info", "message": "上传分片 4/4 size=2122651"}
{"ts": "2026-01-12 16:22:14", "level": "info", "message": "complete 返回 vid=openplat-video-sign#ypod55yz99h4kqygh1bfjjd98dihe02y"}
{"ts": "2026-01-12 16:22:14", "level": "info", "message": "开始生成封面"}
{"ts": "2026-01-12 16:22:14", "level": "info", "message": "封面已生成 旧1 (6)_4ba084a9.jpg"}
{"ts": "2026-01-12 16:22:14", "level": "info", "message": "开始上传封面 旧1 (6)_4ba084a9.jpg, size=217192 bytes, mime=image/jpeg"}
{"ts": "2026-01-12 16:22:15", "level": "info", "message": "封面上传完成 url=https://video-snapshot.pddpic.com/openplat-img/2026-01-12/8c621f05-46de-43c1-bce8-bd5dfdc83525.jpeg"}
{"ts": "2026-01-12 16:22:15", "level": "info", "message": "开始发布 vid=openplat-video-sign#ypod55yz99h4kqygh1bfjjd98dihe02y goods_id=861017472489 desc=染博士安全染发"}
{"ts": "2026-01-12 16:22:15", "level": "info", "message": "发布参数 request={\"cover\":\"https://video-snapshot.pddpic.com/openplat-img/2026-01-12/8c621f05-46de-43c1-bce8-bd5dfdc83525.jpeg\",\"goods_id\":861017472489,\"vid\":\"openplat-video-sign#ypod55yz99h4kqygh1bfjjd98dihe02y\",\"desc\":\"染博士安全染发\"}"}
{"ts": "2026-01-12 16:22:15", "level": "info", "message": "发布完成 video_id=6826261608823190589"}
{"ts": "2026-01-12 16:22:15", "level": "info", "message": "[QJD] 上传发布完成 旧1 (6).mp4 vid=openplat-video-sign#ypod55yz99h4kqygh1bfjjd98dihe02y video_id=6826261608823190589"}
{"ts": "2026-01-12 16:27:15", "level": "info", "message": "[QJD] 开始上传 旧1 (8).mp4"}
{"ts": "2026-01-12 16:27:15", "level": "info", "message": "准备上传文件: 旧1 (8).mp4, size=51913957 bytes, mime=video/mp4"}
{"ts": "2026-01-12 16:27:16", "level": "info", "message": "init 返回 upload_sign=1768206436c6***"}
{"ts": "2026-01-12 16:27:16", "level": "info", "message": "开始分片上传，共 3 片"}
{"ts": "2026-01-12 16:27:16", "level": "info", "message": "上传分片 1/3 size=19922944"}
{"ts": "2026-01-12 16:27:25", "level": "info", "message": "上传分片 2/3 size=19922944"}
{"ts": "2026-01-12 16:27:36", "level": "info", "message": "上传分片 3/3 size=12068069"}
{"ts": "2026-01-12 16:27:42", "level": "info", "message": "complete 返回 vid=openplat-video-sign#ipf1bixi1kho5xi10ngtjjd9crclww9w"}
{"ts": "2026-01-12 16:27:42", "level": "info", "message": "开始生成封面"}
{"ts": "2026-01-12 16:27:42", "level": "info", "message": "封面已生成 旧1 (8)_958784d2.jpg"}
{"ts": "2026-01-12 16:27:42", "level": "info", "message": "开始上传封面 旧1 (8)_958784d2.jpg, size=281858 bytes, mime=image/jpeg"}
{"ts": "2026-01-12 16:27:42", "level": "info", "message": "封面上传完成 url=https://video-snapshot.pddpic.com/openplat-img/2026-01-12/7089d527-7f18-496f-bed2-3c714b33b258.jpeg"}
{"ts": "2026-01-12 16:27:42", "level": "info", "message": "开始发布 vid=openplat-video-sign#ipf1bixi1kho5xi10ngtjjd9crclww9w goods_id=861017472489 desc=染博士安全染发"}
{"ts": "2026-01-12 16:27:42", "level": "info", "message": "发布参数 request={\"cover\":\"https://video-snapshot.pddpic.com/openplat-img/2026-01-12/7089d527-7f18-496f-bed2-3c714b33b258.jpeg\",\"goods_id\":861017472489,\"vid\":\"openplat-video-sign#ipf1bixi1kho5xi10ngtjjd9crclww9w\",\"desc\":\"染博士安全染发\"}"}
{"ts": "2026-01-12 16:27:43", "level": "info", "message": "发布完成 video_id=6826264356310351161"}
{"ts": "2026-01-12 16:27:43", "level": "info", "message": "[QJD] 上传发布完成 旧1 (8).mp4 vid=openplat-video-sign#ipf1bixi1kho5xi10ngtjjd9crclww9w video_id=6826264356310351161"}
{"ts": "2026-01-12 17:32:20", "level": "info", "message": "已清空上传记录"}
{"ts": "2026-01-12 17:32:43", "level": "info", "message": "[拼多多旗舰店] 开始上传 染发剂子母管/111.mp4"}
{"ts": "2026-01-12 17:32:43", "level": "info", "message": "未找到产品商品ID映射，产品=染发剂子母管，使用默认 goods_id=861017472489"}
{"ts": "2026-01-12 17:32:43", "level": "info", "message": "准备上传文件: 111.mp4, size=85400901 bytes, mime=video/mp4"}
{"ts": "2026-01-12 17:32:43", "level": "info", "message": "init 返回 upload_sign=176821036317***"}
{"ts": "2026-01-12 17:32:43", "level": "info", "message": "开始分片上传，共 5 片"}
{"ts": "2026-01-12 17:32:43", "level": "info", "message": "上传分片 1/5 size=19922944"}
{"ts": "2026-01-12 17:32:53", "level": "info", "message": "上传分片 2/5 size=19922944"}
{"ts": "2026-01-12 17:33:04", "level": "info", "message": "上传分片 3/5 size=19922944"}
{"ts": "2026-01-12 17:33:14", "level": "info", "message": "上传分片 4/5 size=19922944"}
{"ts": "2026-01-12 17:33:23", "level": "info", "message": "上传分片 5/5 size=5709125"}
{"ts": "2026-01-12 17:33:27", "level": "info", "message": "complete 返回 vid=openplat-video-sign#ggjmvzf29jjvphnncm9ijjdatjlc505v"}
{"ts": "2026-01-12 17:33:27", "level": "info", "message": "开始生成封面"}
{"ts": "2026-01-12 17:33:27", "level": "info", "message": "封面已生成 111_bff9f6dd.jpg"}
{"ts": "2026-01-12 17:33:27", "level": "info", "message": "开始上传封面 111_bff9f6dd.jpg, size=155217 bytes, mime=image/jpeg"}
{"ts": "2026-01-12 17:33:27", "level": "info", "message": "封面上传完成 url=https://video-snapshot.pddpic.com/openplat-img/2026-01-12/28e00e81-c91c-4897-8221-2c9606062644.jpeg"}
{"ts": "2026-01-12 17:33:27", "level": "info", "message": "开始发布 vid=openplat-video-sign#ggjmvzf29jjvphnncm9ijjdatjlc505v goods_id=861017472489 desc=染博士安全染发"}
{"ts": "2026-01-12 17:33:27", "level": "info", "message": "发布参数 request={\"cover\":\"https://video-snapshot.pddpic.com/openplat-img/2026-01-12/28e00e81-c91c-4897-8221-2c9606062644.jpeg\",\"goods_id\":861017472489,\"vid\":\"openplat-video-sign#ggjmvzf29jjvphnncm9ijjdatjlc505v\",\"desc\":\"染博士安全染发\"}"}
{"ts": "2026-01-12 17:33:28", "level": "info", "message": "发布完成 video_id=6826297447758540873"}
{"ts": "2026-01-12 17:33:28", "level": "info", "message": "[拼多多旗舰店] 上传发布完成 染发剂子母管/111.mp4 vid=openplat-video-sign#ggjmvzf29jjvphnncm9ijjdatjlc505v video_id=6826297447758540873"}
{"ts": "2026-01-12 18:06:28", "level": "info", "message": "已清空上传记录"}
{"ts": "2026-01-12 18:06:50", "level": "info", "message": "配置已保存"}
{"ts": "2026-01-12 18:06:56", "level": "info", "message": "收到立即扫描请求"}
{"ts": "2026-01-12 18:06:56", "level": "info", "message": "手动触发扫描上传"}
{"ts": "2026-01-12 18:06:56", "level": "info", "message": "扫描根目录: /Users/tiepige/Downloads/pdd_vd/video"}
{"ts": "2026-01-12 18:06:56", "level": "info", "message": "[拼多多旗舰店] 发现文件 5 个（产品目录 10 个）"}
{"ts": "2026-01-12 18:06:56", "level": "info", "message": "[拼多多旗舰店] 今日完成 0 个，失败 0 个，进行中 0 个"}
{"ts": "2026-01-12 18:06:56", "level": "info", "message": "[拼多多旗舰店] 开始上传 染发剂子母管/111.mp4"}
{"ts": "2026-01-12 18:06:56", "level": "info", "message": "准备上传文件: 111.mp4, size=85400901 bytes, mime=video/mp4"}
{"ts": "2026-01-12 18:06:56", "level": "info", "message": "init 返回 upload_sign=176821241608***"}
{"ts": "2026-01-12 18:06:56", "level": "info", "message": "开始分片上传，共 5 片"}
{"ts": "2026-01-12 18:06:56", "level": "info", "message": "上传分片 1/5 size=19922944"}
{"ts": "2026-01-12 18:07:05", "level": "info", "message": "上传分片 2/5 size=19922944"}
{"ts": "2026-01-12 18:07:14", "level": "info", "message": "上传分片 3/5 size=19922944"}
{"ts": "2026-01-12 18:07:23", "level": "info", "message": "上传分片 4/5 size=19922944"}
{"ts": "2026-01-12 18:07:32", "level": "info", "message": "上传分片 5/5 size=5709125"}
{"ts": "2026-01-12 18:07:36", "level": "info", "message": "complete 返回 vid=openplat-video-sign#bkyilh3mbttlwodeex0gjjdbkynbtt6u"}
{"ts": "2026-01-12 18:07:36", "level": "info", "message": "开始生成封面"}
{"ts": "2026-01-12 18:07:36", "level": "info", "message": "封面已生成 111_a75115ea.jpg"}
{"ts": "2026-01-12 18:07:36", "level": "info", "message": "开始上传封面 111_a75115ea.jpg, size=155217 bytes, mime=image/jpeg"}
{"ts": "2026-01-12 18:07:36", "level": "info", "message": "封面上传完成 url=https://video-snapshot.pddpic.com/openplat-img/2026-01-12/fb414f4d-345d-418f-b149-aa1ba631b591.jpeg"}
{"ts": "2026-01-12 18:07:36", "level": "info", "message": "开始发布 vid=openplat-video-sign#bkyilh3mbttlwodeex0gjjdbkynbtt6u goods_id=861017472489 desc=染博士安全染发"}
{"ts": "2026-01-12 18:07:36", "level": "info", "message": "发布参数 request={\"cover\":\"https://video-snapshot.pddpic.com/openplat-img/2026-01-12/fb414f4d-345d-418f-b149-aa1ba631b591.jpeg\",\"goods_id\":861017472489,\"vid\":\"openplat-video-sign#bkyilh3mbttlwodeex0gjjdbkynbtt6u\",\"desc\":\"染博士安全染发\"}"}
{"ts": "2026-01-12 18:07:37", "level": "info", "message": "发布完成 video_id=6826314635076908038"}
{"ts": "2026-01-12 18:07:37", "level": "info", "message": "[拼多多旗舰店] 上传发布完成 染发剂子母管/111.mp4 vid=openplat-video-sign#bkyilh3mbttlwodeex0gjjdbkynbtt6u video_id=6826314635076908038"}
